Traceback (most recent call last):
  File "/opt/homebrew/Caskroom/miniforge/base/lib/python3.10/site-packages/jupyter_cache/executors/utils.py", line 58, in single_nb_execution
    executenb(
  File "/opt/homebrew/Caskroom/miniforge/base/lib/python3.10/site-packages/nbclient/client.py", line 1314, in execute
    return NotebookClient(nb=nb, resources=resources, km=km, **kwargs).execute()
  File "/opt/homebrew/Caskroom/miniforge/base/lib/python3.10/site-packages/jupyter_core/utils/__init__.py", line 173, in wrapped
    return loop.run_until_complete(inner)
  File "/opt/homebrew/Caskroom/miniforge/base/lib/python3.10/asyncio/base_events.py", line 649, in run_until_complete
    return future.result()
  File "/opt/homebrew/Caskroom/miniforge/base/lib/python3.10/site-packages/nbclient/client.py", line 709, in async_execute
    await self.async_execute_cell(
  File "/opt/homebrew/Caskroom/miniforge/base/lib/python3.10/site-packages/nbclient/client.py", line 1062, in async_execute_cell
    await self._check_raise_for_error(cell, cell_index, exec_reply)
  File "/opt/homebrew/Caskroom/miniforge/base/lib/python3.10/site-packages/nbclient/client.py", line 918, in _check_raise_for_error
    raise CellExecutionError.from_cell_and_msg(cell, exec_reply_content)
nbclient.exceptions.CellExecutionError: An error occurred while executing the following cell:
------------------
from fermion_ham import *
import random
from openfermion import MolecularData
from openfermion.transforms import get_fermion_operator, jordan_wigner
from openfermion.linalg import get_ground_state, get_sparse_operator
from qiskit.quantum_info import random_statevector, Statevector, random_unitary

test_H = hydrogen_chain_hamiltonian(2, 1, verbose=False)

------------------


[0;31m---------------------------------------------------------------------------[0m
[0;31mFileNotFoundError[0m                         Traceback (most recent call last)
File [0;32m/opt/homebrew/Caskroom/miniforge/base/lib/python3.10/shutil.py:816[0m, in [0;36mmove[0;34m(src, dst, copy_function)[0m
[1;32m    815[0m [38;5;28;01mtry[39;00m:
[0;32m--> 816[0m     [43mos[49m[38;5;241;43m.[39;49m[43mrename[49m[43m([49m[43msrc[49m[43m,[49m[43m [49m[43mreal_dst[49m[43m)[49m
[1;32m    817[0m [38;5;28;01mexcept[39;00m [38;5;167;01mOSError[39;00m:

[0;31mFileNotFoundError[0m: [Errno 2] No such file or directory: '746451ff-0a76-4acc-b24e-00a75e4ba05c.hdf5' -> './data/hydrogen_2_1.hdf5'

During handling of the above exception, another exception occurred:

[0;31mFileNotFoundError[0m                         Traceback (most recent call last)
Cell [0;32mIn[1], line 8[0m
[1;32m      5[0m [38;5;28;01mfrom[39;00m [38;5;21;01mopenfermion[39;00m[38;5;21;01m.[39;00m[38;5;21;01mlinalg[39;00m [38;5;28;01mimport[39;00m get_ground_state, get_sparse_operator
[1;32m      6[0m [38;5;28;01mfrom[39;00m [38;5;21;01mqiskit[39;00m[38;5;21;01m.[39;00m[38;5;21;01mquantum_info[39;00m [38;5;28;01mimport[39;00m random_statevector, Statevector, random_unitary
[0;32m----> 8[0m test_H [38;5;241m=[39m [43mhydrogen_chain_hamiltonian[49m[43m([49m[38;5;241;43m2[39;49m[43m,[49m[43m [49m[38;5;241;43m1[39;49m[43m,[49m[43m [49m[43mverbose[49m[38;5;241;43m=[39;49m[38;5;28;43;01mFalse[39;49;00m[43m)[49m

File [0;32m~/GitHub/Quantum-Simulation-Cookbook/fermion_ham.py:250[0m, in [0;36mhydrogen_chain_hamiltonian.__init__[0;34m(self, chain_length, bond_length, verbose)[0m
[1;32m    248[0m     [38;5;28mself[39m[38;5;241m.[39mhydrogen[38;5;241m.[39mload()
[1;32m    249[0m [38;5;28;01melse[39;00m:
[0;32m--> 250[0m     [38;5;28mself[39m[38;5;241m.[39mhydrogen [38;5;241m=[39m [43mrun_pyscf[49m[43m([49m[38;5;28;43mself[39;49m[38;5;241;43m.[39;49m[43mhydrogen[49m[43m,[49m[43m [49m[43mrun_scf[49m[38;5;241;43m=[39;49m[38;5;28;43mself[39;49m[38;5;241;43m.[39;49m[43mrun_scf[49m[43m,[49m[43m [49m[43mrun_mp2[49m[38;5;241;43m=[39;49m[38;5;28;43mself[39;49m[38;5;241;43m.[39;49m[43mrun_mp2[49m[43m,[49m[43m [49m[43mrun_cisd[49m[38;5;241;43m=[39;49m[38;5;28;43mself[39;49m[38;5;241;43m.[39;49m[43mrun_cisd[49m[43m,[49m[43m [49m[43mrun_ccsd[49m[38;5;241;43m=[39;49m[38;5;28;43mself[39;49m[38;5;241;43m.[39;49m[43mrun_ccsd[49m[43m,[49m[43m [49m[43mrun_fci[49m[38;5;241;43m=[39;49m[38;5;28;43mself[39;49m[38;5;241;43m.[39;49m[43mrun_fci[49m[43m,[49m[43m [49m[43mverbose[49m[38;5;241;43m=[39;49m[38;5;28;43mself[39;49m[38;5;241;43m.[39;49m[43mverbose[49m[43m)[49m
[1;32m    251[0m     [38;5;66;03m#two_body_integrals = hydrogen.two_body_integrals[39;00m
[1;32m    252[0m     [38;5;28mself[39m[38;5;241m.[39mhydrogen[38;5;241m.[39msave()

File [0;32m/opt/homebrew/Caskroom/miniforge/base/lib/python3.10/site-packages/openfermionpyscf/_run_pyscf.py:205[0m, in [0;36mrun_pyscf[0;34m(molecule, run_scf, run_mp2, run_cisd, run_ccsd, run_fci, verbose)[0m
[1;32m    203[0m pyscf_molecular_data [38;5;241m=[39m PyscfMolecularData[38;5;241m.[39m[38;5;21m__new__[39m(PyscfMolecularData)
[1;32m    204[0m pyscf_molecular_data[38;5;241m.[39m[38;5;18m__dict__[39m[38;5;241m.[39mupdate(molecule[38;5;241m.[39m[38;5;18m__dict__[39m)
[0;32m--> 205[0m [43mpyscf_molecular_data[49m[38;5;241;43m.[39;49m[43msave[49m[43m([49m[43m)[49m
[1;32m    206[0m [38;5;28;01mreturn[39;00m pyscf_molecular_data

File [0;32m/opt/homebrew/Caskroom/miniforge/base/lib/python3.10/site-packages/openfermion/chem/molecular_data.py:717[0m, in [0;36mMolecularData.save[0;34m(self)[0m
[1;32m    714[0m [38;5;28;01mexcept[39;00m [38;5;167;01mOSError[39;00m:
[1;32m    715[0m     [38;5;28;01mpass[39;00m
[0;32m--> 717[0m [43mshutil[49m[38;5;241;43m.[39;49m[43mmove[49m[43m([49m[38;5;124;43m"[39;49m[38;5;132;43;01m{}[39;49;00m[38;5;124;43m.hdf5[39;49m[38;5;124;43m"[39;49m[38;5;241;43m.[39;49m[43mformat[49m[43m([49m[43mtmp_name[49m[43m)[49m[43m,[49m[43m [49m[38;5;124;43m"[39;49m[38;5;132;43;01m{}[39;49;00m[38;5;124;43m.hdf5[39;49m[38;5;124;43m"[39;49m[38;5;241;43m.[39;49m[43mformat[49m[43m([49m[38;5;28;43mself[39;49m[38;5;241;43m.[39;49m[43mfilename[49m[43m)[49m[43m)[49m

File [0;32m/opt/homebrew/Caskroom/miniforge/base/lib/python3.10/shutil.py:836[0m, in [0;36mmove[0;34m(src, dst, copy_function)[0m
[1;32m    834[0m         rmtree(src)
[1;32m    835[0m     [38;5;28;01melse[39;00m:
[0;32m--> 836[0m         [43mcopy_function[49m[43m([49m[43msrc[49m[43m,[49m[43m [49m[43mreal_dst[49m[43m)[49m
[1;32m    837[0m         os[38;5;241m.[39munlink(src)
[1;32m    838[0m [38;5;28;01mreturn[39;00m real_dst

File [0;32m/opt/homebrew/Caskroom/miniforge/base/lib/python3.10/shutil.py:434[0m, in [0;36mcopy2[0;34m(src, dst, follow_symlinks)[0m
[1;32m    432[0m [38;5;28;01mif[39;00m os[38;5;241m.[39mpath[38;5;241m.[39misdir(dst):
[1;32m    433[0m     dst [38;5;241m=[39m os[38;5;241m.[39mpath[38;5;241m.[39mjoin(dst, os[38;5;241m.[39mpath[38;5;241m.[39mbasename(src))
[0;32m--> 434[0m [43mcopyfile[49m[43m([49m[43msrc[49m[43m,[49m[43m [49m[43mdst[49m[43m,[49m[43m [49m[43mfollow_symlinks[49m[38;5;241;43m=[39;49m[43mfollow_symlinks[49m[43m)[49m
[1;32m    435[0m copystat(src, dst, follow_symlinks[38;5;241m=[39mfollow_symlinks)
[1;32m    436[0m [38;5;28;01mreturn[39;00m dst

File [0;32m/opt/homebrew/Caskroom/miniforge/base/lib/python3.10/shutil.py:256[0m, in [0;36mcopyfile[0;34m(src, dst, follow_symlinks)[0m
[1;32m    254[0m [38;5;28;01mwith[39;00m [38;5;28mopen[39m(src, [38;5;124m'[39m[38;5;124mrb[39m[38;5;124m'[39m) [38;5;28;01mas[39;00m fsrc:
[1;32m    255[0m     [38;5;28;01mtry[39;00m:
[0;32m--> 256[0m         [38;5;28;01mwith[39;00m [38;5;28;43mopen[39;49m[43m([49m[43mdst[49m[43m,[49m[43m [49m[38;5;124;43m'[39;49m[38;5;124;43mwb[39;49m[38;5;124;43m'[39;49m[43m)[49m [38;5;28;01mas[39;00m fdst:
[1;32m    257[0m             [38;5;66;03m# macOS[39;00m
[1;32m    258[0m             [38;5;28;01mif[39;00m _HAS_FCOPYFILE:
[1;32m    259[0m                 [38;5;28;01mtry[39;00m:

[0;31mFileNotFoundError[0m: [Errno 2] No such file or directory: './data/hydrogen_2_1.hdf5'

